2015-10-12 17:02:32,471  INFO (WarrantController:WriteLoginLog():195:97) - Write logging log : 'SUCCESS'
2015-10-12 17:05:44,803  INFO (WarrantController:CallSite.Target():0:14) - Write logging log : 'SUCCESS' for ID : S1824760G 
2015-10-12 17:11:37,651 ERROR (WarrantController:Index():26:8) - Error Controller: Error has occurred. 
	Login is unsuccessful.
2015-10-12 17:13:36,997 ERROR (WarrantController:Index():26:11) - Error Controller: Error has occurred. 
	Login is unsuccessful.
NCS.SecureConnect.SIM.Client.Exceptions.ClientException: Login is unsuccessful.
   at NCS.SecureConnect.SIM.Client.HttpHandlers.SingPassAssertionConsumerService.ProcessRequest(HttpContext context)
   at System.Web.HttpApplication.CallHandlerExecutionStep.System.Web.HttpApplication.IExecutionStep.Execute()
   at System.Web.HttpApplication.ExecuteStep(IExecutionStep step, Boolean& completedSynchronously)
2015-10-12 17:14:17,474 ERROR (WarrantController:Index():26:8) - Error Controller: Error has occurred. 
	Login is unsuccessful.
NCS.SecureConnect.SIM.Client.Exceptions.ClientException: Login is unsuccessful.
   at NCS.SecureConnect.SIM.Client.HttpHandlers.SingPassAssertionConsumerService.ProcessRequest(HttpContext context)
   at System.Web.HttpApplication.CallHandlerExecutionStep.System.Web.HttpApplication.IExecutionStep.Execute()
   at System.Web.HttpApplication.ExecuteStep(IExecutionStep step, Boolean& completedSynchronously)
2015-10-12 17:16:45,921 ERROR (WarrantController:Index():26:16) - Error Controller: Error has occurred. 
	Login is unsuccessful.
NCS.SecureConnect.SIM.Client.Exceptions.ClientException: Login is unsuccessful.
   at NCS.SecureConnect.SIM.Client.HttpHandlers.SingPassAssertionConsumerService.ProcessRequest(HttpContext context)
   at System.Web.HttpApplication.CallHandlerExecutionStep.System.Web.HttpApplication.IExecutionStep.Execute()
   at System.Web.HttpApplication.ExecuteStep(IExecutionStep step, Boolean& completedSynchronously)
2015-10-12 18:16:28,553 ERROR (WarrantController:Index():26:18) - Error Controller: Error has occurred. 
	Login is unsuccessful.
NCS.SecureConnect.SIM.Client.Exceptions.ClientException: Login is unsuccessful.
   at NCS.SecureConnect.SIM.Client.HttpHandlers.SingPassAssertionConsumerService.ProcessRequest(HttpContext context)
   at System.Web.HttpApplication.CallHandlerExecutionStep.System.Web.HttpApplication.IExecutionStep.Execute()
   at System.Web.HttpApplication.ExecuteStep(IExecutionStep step, Boolean& completedSynchronously)
2015-10-14 11:08:06,540  INFO (WarrantController:CallSite.Target():0:11) - Write logging log : 'SUCCESS' for ID : T5001018F 
2015-10-22 14:46:53,571  INFO (WarrantController:CallSite.Target():0:13) - Write logging log : 'SUCCESS' for ID : T5001018F 
2015-10-22 14:48:38,232  INFO (WarrantController:CallSite.Target():0:12) - Write logging log : 'SUCCESS' for ID : T5001018F 
2015-10-22 14:49:42,254  INFO (WarrantController:CallSite.Target():0:14) - Write logging log : 'SUCCESS' for ID : T5001018F 
2015-10-22 14:49:45,306  INFO (WarrantController:CallSite.Target():0:12) - Write logging log : 'SUCCESS' for ID : T5001018F 
2015-10-22 14:49:47,092  INFO (WarrantController:CallSite.Target():0:12) - Write logging log : 'SUCCESS' for ID : T5001018F 
2015-10-22 14:49:47,902  INFO (WarrantController:CallSite.Target():0:6) - Write logging log : 'SUCCESS' for ID : T5001018F 
2015-10-22 14:50:06,434  INFO (WarrantController:CallSite.Target():0:7) - Write logging log : 'SUCCESS' for ID : T5001018F 
2015-10-22 14:50:08,179  INFO (WarrantController:CallSite.Target():0:14) - Write logging log : 'SUCCESS' for ID : T5001018F 
2015-10-22 14:50:09,790  INFO (WarrantController:CallSite.Target():0:10) - Write logging log : 'SUCCESS' for ID : T5001018F 
2015-10-22 14:50:11,019  INFO (WarrantController:CallSite.Target():0:6) - Write logging log : 'SUCCESS' for ID : T5001018F 
2015-10-22 14:50:30,901  INFO (WarrantController:CallSite.Target():0:12) - Write logging log : 'SUCCESS' for ID : T5001018F 
2015-10-22 14:50:53,181  INFO (WarrantController:CallSite.Target():0:7) - Write logging log : 'SUCCESS' for ID : T5001018F 
2015-10-22 15:11:56,011  INFO (WarrantController:CallSite.Target():0:73) - Write logging log : 'SUCCESS' for ID : T5001018F 
2015-10-22 15:13:20,319  INFO (WarrantController:CallSite.Target():0:75) - Write logging log : 'SUCCESS' for ID : T5001018F 
2015-10-22 15:13:33,095  INFO (WarrantController:CallSite.Target():0:73) - Write logging log : 'SUCCESS' for ID : T5001018F 
2015-10-22 15:16:48,637  INFO (WarrantController:CallSite.Target():0:7) - Write logging log : 'SUCCESS' for ID : T5001018F 
2015-10-22 15:17:35,293  INFO (WarrantController:CallSite.Target():0:7) - Write logging log : 'SUCCESS' for ID : T5001018F 
2015-10-22 15:17:41,994  INFO (WarrantController:CallSite.Target():0:11) - Write logging log : 'SUCCESS' for ID : T5001018F 
2015-10-22 15:17:51,372  INFO (WarrantController:CallSite.Target():0:6) - Write logging log : 'SUCCESS' for ID : T5001018F 
2015-10-22 15:18:41,846  INFO (WarrantController:CallSite.Target():0:12) - Write logging log : 'SUCCESS' for ID : T5001018F 
2015-10-22 15:19:40,273  INFO (WarrantController:CallSite.Target():0:7) - Write logging log : 'SUCCESS' for ID : T5001018F 
2015-10-22 15:21:02,742  INFO (WarrantController:CallSite.Target():0:18) - Write logging log : 'SUCCESS' for ID : T5001018F 
2015-10-22 15:21:53,472  INFO (WarrantController:CallSite.Target():0:19) - Write logging log : 'SUCCESS' for ID : T5001018F 
2015-10-22 15:22:40,607  INFO (WarrantController:CallSite.Target():0:15) - Write logging log : 'SUCCESS' for ID : T5001018F 
2015-10-22 15:23:17,383  INFO (WarrantController:CallSite.Target():0:18) - Write logging log : 'SUCCESS' for ID : T5001018F 
2015-10-22 15:25:39,959  INFO (WarrantController:CallSite.Target():0:8) - Write logging log : 'SUCCESS' for ID : T5001018F 
2015-10-22 15:26:37,009  INFO (WarrantController:CallSite.Target():0:7) - Write logging log : 'SUCCESS' for ID : T5001018F 
2015-10-22 15:27:28,584  INFO (WarrantController:CallSite.Target():0:17) - Write logging log : 'SUCCESS' for ID : T5001018F 
2015-10-22 15:29:22,598  INFO (WarrantController:CallSite.Target():0:23) - Write logging log : 'SUCCESS' for ID : T5001018F 
2015-10-22 15:29:47,756  INFO (WarrantController:CallSite.Target():0:27) - Write logging log : 'SUCCESS' for ID : T5001018F 
2015-10-22 15:30:08,720  INFO (WarrantController:CallSite.Target():0:25) - Write logging log : 'SUCCESS' for ID : T5001018F 
2015-10-22 15:30:20,036  INFO (WarrantController:CallSite.Target():0:6) - Write logging log : 'SUCCESS' for ID : T5001018F 
2015-10-22 15:30:29,723  INFO (WarrantController:CallSite.Target():0:6) - Write logging log : 'SUCCESS' for ID : T5001018F 
2015-10-22 15:31:11,820  INFO (WarrantController:CallSite.Target():0:25) - Write logging log : 'SUCCESS' for ID : T5001018F 
2015-10-22 15:31:17,406  INFO (WarrantController:CallSite.Target():0:10) - Write logging log : 'SUCCESS' for ID : T5001018F 
2015-10-22 15:32:34,416  INFO (WarrantController:CallSite.Target():0:18) - Write logging log : 'SUCCESS' for ID : T5001018F 
2015-10-22 15:32:49,659  INFO (WarrantController:CallSite.Target():0:8) - Write logging log : 'SUCCESS' for ID : T5001018F 
2015-10-22 15:33:06,638  INFO (WarrantController:CallSite.Target():0:24) - Write logging log : 'SUCCESS' for ID : T5001018F 
2015-10-22 15:33:12,460  INFO (WarrantController:CallSite.Target():0:24) - Write logging log : 'SUCCESS' for ID : T5001018F 
2015-10-22 15:33:20,330  INFO (WarrantController:CallSite.Target():0:23) - Write logging log : 'SUCCESS' for ID : T5001018F 
2015-10-22 15:33:34,367  INFO (WarrantController:CallSite.Target():0:25) - Write logging log : 'SUCCESS' for ID : T5001018F 
2015-10-22 15:33:56,510  INFO (WarrantController:CallSite.Target():0:24) - Write logging log : 'SUCCESS' for ID : T5001018F 
2015-10-22 15:34:13,592  INFO (WarrantController:CallSite.Target():0:24) - Write logging log : 'SUCCESS' for ID : T5001018F 
2015-10-22 15:34:20,175  INFO (WarrantController:CallSite.Target():0:16) - Write logging log : 'SUCCESS' for ID : T5001018F 
2015-10-22 15:34:31,023  INFO (WarrantController:CallSite.Target():0:25) - Write logging log : 'SUCCESS' for ID : T5001018F 
2015-10-22 15:34:47,087  INFO (WarrantController:CallSite.Target():0:17) - Write logging log : 'SUCCESS' for ID : T5001018F 
2015-10-22 15:34:56,318  INFO (WarrantController:CallSite.Target():0:32) - Write logging log : 'SUCCESS' for ID : T5001018F 
2015-10-22 15:35:14,243  INFO (WarrantController:CallSite.Target():0:13) - Write logging log : 'SUCCESS' for ID : T5001018F 
2015-10-22 15:37:57,760  INFO (WarrantController:CallSite.Target():0:14) - Write logging log : 'SUCCESS' for ID : T5001018F 
2015-10-22 15:38:08,619  INFO (WarrantController:CallSite.Target():0:24) - Write logging log : 'SUCCESS' for ID : T5001018F 
2015-10-22 15:46:12,714  INFO (WarrantController:CallSite.Target():0:42) - Write logging log : 'SUCCESS' for ID : T5001018F 
2015-10-22 15:47:03,538  INFO (WarrantController:CallSite.Target():0:38) - Write logging log : 'SUCCESS' for ID : T5001018F 
2015-10-22 15:50:41,817  INFO (WarrantController:CallSite.Target():0:37) - Write logging log : 'SUCCESS' for ID : T5001018F 
2015-10-22 15:53:49,516  INFO (WarrantController:CallSite.Target():0:23) - Write logging log : 'SUCCESS' for ID : T5001018F 
2015-10-22 15:54:51,155  INFO (WarrantController:CallSite.Target():0:47) - Write logging log : 'SUCCESS' for ID : T5001018F 
2015-10-22 15:54:57,583  INFO (WarrantController:CallSite.Target():0:47) - Write logging log : 'SUCCESS' for ID : T5001018F 
2015-10-22 15:55:07,476  INFO (WarrantController:CallSite.Target():0:23) - Write logging log : 'SUCCESS' for ID : T5001018F 
2015-10-22 15:55:11,311  INFO (WarrantController:CallSite.Target():0:15) - Write logging log : 'SUCCESS' for ID : T5001018F 
2015-10-22 15:55:22,643  INFO (WarrantController:CallSite.Target():0:10) - Write logging log : 'SUCCESS' for ID : T5001018F 
2015-10-22 15:55:29,671  INFO (WarrantController:CallSite.Target():0:41) - Write logging log : 'SUCCESS' for ID : T5001018F 
2015-10-22 15:56:22,238  INFO (WarrantController:CallSite.Target():0:30) - Write logging log : 'SUCCESS' for ID : T5001018F 
2015-10-22 15:56:23,400  INFO (WarrantController:CallSite.Target():0:46) - Write logging log : 'SUCCESS' for ID : T5001018F 
2015-10-22 16:03:28,991  INFO (WarrantController:CallSite.Target():0:41) - Write logging log : 'SUCCESS' for ID : T5001018F 
2015-11-03 12:08:49,561 ERROR (WarrantController:Enquiry():39:15) - Enquiry Page Load :  
2015-11-03 12:12:54,396  INFO (WarrantController:CallSite.Target():0:7) - Write logging log : 'SUCCESS' for ID : T5001018F 
2015-11-03 12:13:38,678  INFO (WarrantController:CallSite.Target():0:20) - Write logging log : 'SUCCESS' for ID : T5001018F 
2015-11-03 12:31:38,248  INFO (WarrantController:CallSite.Target():0:16) - Write logging log : 'SUCCESS' for ID : T5001018F 
2015-11-03 12:34:20,318  INFO (WarrantController:CallSite.Target():0:16) - Write logging log : 'SUCCESS' for ID : T5001018F 
2015-11-03 12:36:21,956  INFO (WarrantController:CallSite.Target():0:5) - Write logging log : 'SUCCESS' for ID : T5001018F 
2015-11-03 12:36:32,168  INFO (WarrantController:CallSite.Target():0:12) - Write logging log : 'SUCCESS' for ID : T5001018F 
2015-11-03 12:36:50,961  INFO (WarrantController:CallSite.Target():0:8) - Write logging log : 'SUCCESS' for ID : T5001018F 
2015-11-03 12:36:59,657  INFO (WarrantController:CallSite.Target():0:13) - Write logging log : 'SUCCESS' for ID : T5001018F 
2015-11-03 12:37:54,144  INFO (WarrantController:CallSite.Target():0:10) - Write logging log : 'SUCCESS' for ID : T5001018F 
2015-11-03 12:38:09,456  INFO (WarrantController:CallSite.Target():0:13) - Write logging log : 'SUCCESS' for ID : T5001018F 
2015-11-03 12:38:51,170  INFO (WarrantController:CallSite.Target():0:17) - Write logging log : 'SUCCESS' for ID : T5001018F 
2015-11-12 17:22:37,010  INFO (WarrantController:CallSite.Target():0:10) - Write logging log : 'SUCCESS' for ID : T5001018F 
2015-11-12 17:24:45,537  INFO (WarrantController:CallSite.Target():0:13) - Write logging log : 'SUCCESS' for ID : T5001018F 
2015-11-13 10:26:14,958  INFO (WarrantController:CallSite.Target():0:15) - Login Information : T5001018F 
2015-11-13 10:26:15,053  INFO (WarrantController:WriteLoginLog():202:15) - Write logging log : Before
2015-11-13 10:26:15,097  INFO (WarrantController:WriteLoginLog():205:15) - After
2015-11-13 10:26:15,137  INFO (WarrantController:CallSite.Target():0:15) - Write logging log : 'SUCCESS' for ID : T5001018F 
2015-11-13 10:26:15,137  INFO (WarrantController:WriteLoginLog():215:15) - Write logging log : End
2015-11-13 11:36:24,019  INFO (WarrantController:CallSite.Target():0:11) - Login Information : T5001018F 
2015-11-13 11:36:24,047  INFO (WarrantController:WriteLoginLog():202:11) - Write logging log : Before
2015-11-13 11:36:24,063  INFO (WarrantController:WriteLoginLog():205:11) - After
2015-11-13 11:36:24,103  INFO (WarrantController:CallSite.Target():0:11) - Write logging log : 'SUCCESS' for ID : T5001018F 
2015-11-13 11:36:24,103  INFO (WarrantController:WriteLoginLog():215:11) - Write logging log : End
2015-11-13 15:26:47,453  INFO (WarrantController:CallSite.Target():0:9) - Login Information : T5001018F 
2015-11-13 15:26:47,484  INFO (WarrantController:WriteLoginLog():202:9) - Write logging log : Before
2015-11-13 15:26:48,946 ERROR (WarrantController:WriteLoginLog():219:9) - Error in WriteLogIn : The remote server returned an error: (405) Method Not Allowed.   at System.Net.HttpWebRequest.GetResponse()
   at SPF.OWAES.Controllers.WarrantController.WriteLoginLog(String LoginPersonID) in d:\Working\EWEMS2\Phase 2\Source Codes and DB\SPF.OWAES\SPF.OWAES\Controllers\WarrantController.cs:line 204 
2015-11-13 15:34:35,272  INFO (WarrantController:CallSite.Target():0:53) - Login Information : T5001018F 
2015-11-13 15:34:35,273  INFO (WarrantController:WriteLoginLog():202:53) - Write logging log : Before
2015-11-13 15:34:35,324 ERROR (WarrantController:WriteLoginLog():219:53) - Error in WriteLogIn : The remote server returned an error: (405) Method Not Allowed.   at System.Net.HttpWebRequest.GetResponse()
   at SPF.OWAES.Controllers.WarrantController.WriteLoginLog(String LoginPersonID) in d:\Working\EWEMS2\Phase 2\Source Codes and DB\SPF.OWAES\SPF.OWAES\Controllers\WarrantController.cs:line 204 
2015-11-25 10:07:11,336 ERROR (WarrantController:Enquiry():39:9) - Enquiry Page Load : Authentication context not found in session 
2015-11-25 10:09:39,775  INFO (WarrantController:CallSite.Target():0:16) - Login Information : T5001018F 
2015-11-25 10:09:45,385  INFO (WarrantController:WriteLoginLog():202:16) - Write logging log : Before
2015-11-25 10:26:43,821  INFO (WarrantController:CallSite.Target():0:7) - Login Information : T5001018F 
2015-11-25 10:27:02,880  INFO (WarrantController:WriteLoginLog():202:7) - Write logging log : Before
2015-11-25 10:27:28,654 ERROR (WarrantController:WriteLoginLog():219:7) - Error in WriteLogIn : The remote server returned an error: (500) Internal Server Error.   at System.Net.HttpWebRequest.GetResponse()
   at SPF.OWAES.Controllers.WarrantController.WriteLoginLog(String LoginPersonID) in d:\Working\EWEMS2\Phase 2\Source Codes and DB\SPF.OWAES\SPF.OWAES\Controllers\WarrantController.cs:line 204 
2015-11-25 10:27:28,722 ERROR (WarrantController:Enquiry():39:7) - Enquiry Page Load : Authentication context not found in session 
2015-11-25 10:30:49,321  INFO (WarrantController:CallSite.Target():0:15) - Login Information : T5001018F 
2015-11-25 10:30:51,520  INFO (WarrantController:WriteLoginLog():202:15) - Write logging log : Before
2015-11-25 10:30:52,472  INFO (WarrantController:WriteLoginLog():205:15) - After
2015-11-25 10:30:54,480  INFO (WarrantController:CallSite.Target():0:15) - Write logging log : 'SUCCESS' for ID : T5001018F 
2015-11-25 10:30:54,480  INFO (WarrantController:WriteLoginLog():215:15) - Write logging log : End
2015-11-25 10:30:54,510 ERROR (WarrantController:Enquiry():39:15) - Enquiry Page Load : Authentication context not found in session 
2015-12-10 15:01:27,179 ERROR (WarrantController:Index():26:8) - Error Controller: Error has occurred. 
	Retrieving Logout Request is unsuccessful.
NCS.SecureConnect.SIM.Client.Exceptions.ClientException: Retrieving Logout Request is unsuccessful.
   at NCS.SecureConnect.SIM.Client.Managers.SingPassManager.PerformSpInitiatedLogout(String targetUrl)
   at ASP._Page_Views_Home_logout_cshtml.Execute() in d:\Working\EWEMS2\Phase 2\Source Codes and DB\SPF.OWAES\SPF.OWAES\Views\Home\logout.cshtml:line 8
   at System.Web.WebPages.WebPageBase.ExecutePageHierarchy()
   at System.Web.Mvc.WebViewPage.ExecutePageHierarchy()
   at System.Web.WebPages.StartPage.RunPage()
   at System.Web.WebPages.StartPage.ExecutePageHierarchy()
   at System.Web.WebPages.WebPageBase.ExecutePageHierarchy(WebPageContext pageContext, TextWriter writer, WebPageRenderingBase startPage)
   at System.Web.Mvc.RazorView.RenderView(ViewContext viewContext, TextWriter writer, Object instance)
   at System.Web.Mvc.BuildManagerCompiledView.Render(ViewContext viewContext, TextWriter writer)
   at System.Web.Mvc.ViewResultBase.ExecuteResult(ControllerContext context)
   at System.Web.Mvc.ControllerActionInvoker.InvokeActionResult(ControllerContext controllerContext, ActionResult actionResult)
   at System.Web.Mvc.ControllerActionInvoker.InvokeActionResultFilterRecursive(IList`1 filters, Int32 filterIndex, ResultExecutingContext preContext, ControllerContext controllerContext, ActionResult actionResult)
   at System.Web.Mvc.ControllerActionInvoker.InvokeActionResultFilterRecursive(IList`1 filters, Int32 filterIndex, ResultExecutingContext preContext, ControllerContext controllerContext, ActionResult actionResult)
   at System.Web.Mvc.ControllerActionInvoker.InvokeActionResultWithFilters(ControllerContext controllerContext, IList`1 filters, ActionResult actionResult)
   at System.Web.Mvc.Async.AsyncControllerActionInvoker.<>c__DisplayClass21.<>c__DisplayClass2b.<BeginInvokeAction>b__1c()
   at System.Web.Mvc.Async.AsyncControllerActionInvoker.<>c__DisplayClass21.<BeginInvokeAction>b__1e(IAsyncResult asyncResult)
   at System.Web.Mvc.Async.AsyncResultWrapper.WrappedAsyncResult`1.CallEndDelegate(IAsyncResult asyncResult)
   at System.Web.Mvc.Async.AsyncResultWrapper.WrappedAsyncResultBase`1.End()
   at System.Web.Mvc.Async.AsyncResultWrapper.End[TResult](IAsyncResult asyncResult, Object tag)
   at System.Web.Mvc.Async.AsyncControllerActionInvoker.EndInvokeAction(IAsyncResult asyncResult)
   at System.Web.Mvc.Controller.<BeginExecuteCore>b__1d(IAsyncResult asyncResult, ExecuteCoreState innerState)
   at System.Web.Mvc.Async.AsyncResultWrapper.WrappedAsyncVoid`1.CallEndDelegate(IAsyncResult asyncResult)
   at System.Web.Mvc.Async.AsyncResultWrapper.WrappedAsyncResultBase`1.End()
   at System.Web.Mvc.Async.AsyncResultWrapper.End[TResult](IAsyncResult asyncResult, Object tag)
   at System.Web.Mvc.Async.AsyncResultWrapper.End(IAsyncResult asyncResult, Object tag)
   at System.Web.Mvc.Controller.EndExecuteCore(IAsyncResult asyncResult)
   at System.Web.Mvc.Controller.<BeginExecute>b__15(IAsyncResult asyncResult, Controller controller)
   at System.Web.Mvc.Async.AsyncResultWrapper.WrappedAsyncVoid`1.CallEndDelegate(IAsyncResult asyncResult)
   at System.Web.Mvc.Async.AsyncResultWrapper.WrappedAsyncResultBase`1.End()
   at System.Web.Mvc.Async.AsyncResultWrapper.End[TResult](IAsyncResult asyncResult, Object tag)
   at System.Web.Mvc.Async.AsyncResultWrapper.End(IAsyncResult asyncResult, Object tag)
   at System.Web.Mvc.Controller.EndExecute(IAsyncResult asyncResult)
   at System.Web.Mvc.Controller.System.Web.Mvc.Async.IAsyncController.EndExecute(IAsyncResult asyncResult)
   at System.Web.Mvc.MvcHandler.<BeginProcessRequest>b__5(IAsyncResult asyncResult, ProcessRequestState innerState)
   at System.Web.Mvc.Async.AsyncResultWrapper.WrappedAsyncVoid`1.CallEndDelegate(IAsyncResult asyncResult)
   at System.Web.Mvc.Async.AsyncResultWrapper.WrappedAsyncResultBase`1.End()
   at System.Web.Mvc.Async.AsyncResultWrapper.End[TResult](IAsyncResult asyncResult, Object tag)
   at System.Web.Mvc.Async.AsyncResultWrapper.End(IAsyncResult asyncResult, Object tag)
   at System.Web.Mvc.MvcHandler.EndProcessRequest(IAsyncResult asyncResult)
   at System.Web.Mvc.MvcHandler.System.Web.IHttpAsyncHandler.EndProcessRequest(IAsyncResult result)
   at System.Web.HttpApplication.CallHandlerExecutionStep.System.Web.HttpApplication.IExecutionStep.Execute()
   at System.Web.HttpApplication.ExecuteStep(IExecutionStep step, Boolean& completedSynchronously)
2015-12-10 15:01:46,715 ERROR (WarrantController:Index():26:8) - Error Controller: Error has occurred. 
	Retrieving Logout Request is unsuccessful.
NCS.SecureConnect.SIM.Client.Exceptions.ClientException: Retrieving Logout Request is unsuccessful.
   at NCS.SecureConnect.SIM.Client.Managers.SingPassManager.PerformSpInitiatedLogout(String targetUrl)
   at ASP._Page_Views_Home_logout_cshtml.Execute() in d:\Working\EWEMS2\Phase 2\Source Codes and DB\SPF.OWAES\SPF.OWAES\Views\Home\logout.cshtml:line 8
   at System.Web.WebPages.WebPageBase.ExecutePageHierarchy()
   at System.Web.Mvc.WebViewPage.ExecutePageHierarchy()
   at System.Web.WebPages.StartPage.RunPage()
   at System.Web.WebPages.StartPage.ExecutePageHierarchy()
   at System.Web.WebPages.WebPageBase.ExecutePageHierarchy(WebPageContext pageContext, TextWriter writer, WebPageRenderingBase startPage)
   at System.Web.Mvc.RazorView.RenderView(ViewContext viewContext, TextWriter writer, Object instance)
   at System.Web.Mvc.BuildManagerCompiledView.Render(ViewContext viewContext, TextWriter writer)
   at System.Web.Mvc.ViewResultBase.ExecuteResult(ControllerContext context)
   at System.Web.Mvc.ControllerActionInvoker.InvokeActionResult(ControllerContext controllerContext, ActionResult actionResult)
   at System.Web.Mvc.ControllerActionInvoker.InvokeActionResultFilterRecursive(IList`1 filters, Int32 filterIndex, ResultExecutingContext preContext, ControllerContext controllerContext, ActionResult actionResult)
   at System.Web.Mvc.ControllerActionInvoker.InvokeActionResultFilterRecursive(IList`1 filters, Int32 filterIndex, ResultExecutingContext preContext, ControllerContext controllerContext, ActionResult actionResult)
   at System.Web.Mvc.ControllerActionInvoker.InvokeActionResultWithFilters(ControllerContext controllerContext, IList`1 filters, ActionResult actionResult)
   at System.Web.Mvc.Async.AsyncControllerActionInvoker.<>c__DisplayClass21.<>c__DisplayClass2b.<BeginInvokeAction>b__1c()
   at System.Web.Mvc.Async.AsyncControllerActionInvoker.<>c__DisplayClass21.<BeginInvokeAction>b__1e(IAsyncResult asyncResult)
   at System.Web.Mvc.Async.AsyncResultWrapper.WrappedAsyncResult`1.CallEndDelegate(IAsyncResult asyncResult)
   at System.Web.Mvc.Async.AsyncResultWrapper.WrappedAsyncResultBase`1.End()
   at System.Web.Mvc.Async.AsyncResultWrapper.End[TResult](IAsyncResult asyncResult, Object tag)
   at System.Web.Mvc.Async.AsyncControllerActionInvoker.EndInvokeAction(IAsyncResult asyncResult)
   at System.Web.Mvc.Controller.<BeginExecuteCore>b__1d(IAsyncResult asyncResult, ExecuteCoreState innerState)
   at System.Web.Mvc.Async.AsyncResultWrapper.WrappedAsyncVoid`1.CallEndDelegate(IAsyncResult asyncResult)
   at System.Web.Mvc.Async.AsyncResultWrapper.WrappedAsyncResultBase`1.End()
   at System.Web.Mvc.Async.AsyncResultWrapper.End[TResult](IAsyncResult asyncResult, Object tag)
   at System.Web.Mvc.Async.AsyncResultWrapper.End(IAsyncResult asyncResult, Object tag)
   at System.Web.Mvc.Controller.EndExecuteCore(IAsyncResult asyncResult)
   at System.Web.Mvc.Controller.<BeginExecute>b__15(IAsyncResult asyncResult, Controller controller)
   at System.Web.Mvc.Async.AsyncResultWrapper.WrappedAsyncVoid`1.CallEndDelegate(IAsyncResult asyncResult)
   at System.Web.Mvc.Async.AsyncResultWrapper.WrappedAsyncResultBase`1.End()
   at System.Web.Mvc.Async.AsyncResultWrapper.End[TResult](IAsyncResult asyncResult, Object tag)
   at System.Web.Mvc.Async.AsyncResultWrapper.End(IAsyncResult asyncResult, Object tag)
   at System.Web.Mvc.Controller.EndExecute(IAsyncResult asyncResult)
   at System.Web.Mvc.Controller.System.Web.Mvc.Async.IAsyncController.EndExecute(IAsyncResult asyncResult)
   at System.Web.Mvc.MvcHandler.<BeginProcessRequest>b__5(IAsyncResult asyncResult, ProcessRequestState innerState)
   at System.Web.Mvc.Async.AsyncResultWrapper.WrappedAsyncVoid`1.CallEndDelegate(IAsyncResult asyncResult)
   at System.Web.Mvc.Async.AsyncResultWrapper.WrappedAsyncResultBase`1.End()
   at System.Web.Mvc.Async.AsyncResultWrapper.End[TResult](IAsyncResult asyncResult, Object tag)
   at System.Web.Mvc.Async.AsyncResultWrapper.End(IAsyncResult asyncResult, Object tag)
   at System.Web.Mvc.MvcHandler.EndProcessRequest(IAsyncResult asyncResult)
   at System.Web.Mvc.MvcHandler.System.Web.IHttpAsyncHandler.EndProcessRequest(IAsyncResult result)
   at System.Web.HttpApplication.CallHandlerExecutionStep.System.Web.HttpApplication.IExecutionStep.Execute()
   at System.Web.HttpApplication.ExecuteStep(IExecutionStep step, Boolean& completedSynchronously)
2015-12-10 15:04:47,139 ERROR (WarrantController:Index():26:14) - Error Controller: Error has occurred. 
	Artifact is missing. Cannot resolve the artifact.
NCS.SecureConnect.SIM.Client.Exceptions.ClientException: Artifact is missing. Cannot resolve the artifact.
   at NCS.SecureConnect.SIM.Client.HttpHandlers.SingPassAssertionConsumerService.ProcessRequest(HttpContext context)
   at System.Web.HttpApplication.CallHandlerExecutionStep.System.Web.HttpApplication.IExecutionStep.Execute()
   at System.Web.HttpApplication.ExecuteStep(IExecutionStep step, Boolean& completedSynchronously)
2015-12-10 15:05:47,330 ERROR (WarrantController:Index():26:20) - Error Controller: Error has occurred. 
	Artifact is missing. Cannot resolve the artifact.
NCS.SecureConnect.SIM.Client.Exceptions.ClientException: Artifact is missing. Cannot resolve the artifact.
   at NCS.SecureConnect.SIM.Client.HttpHandlers.SingPassAssertionConsumerService.ProcessRequest(HttpContext context)
   at System.Web.HttpApplication.CallHandlerExecutionStep.System.Web.HttpApplication.IExecutionStep.Execute()
   at System.Web.HttpApplication.ExecuteStep(IExecutionStep step, Boolean& completedSynchronously)
2015-12-10 15:06:42,022 ERROR (WarrantController:Index():26:10) - Error Controller: Error has occurred. 
	Retrieving Logout Request is unsuccessful.
NCS.SecureConnect.SIM.Client.Exceptions.ClientException: Retrieving Logout Request is unsuccessful.
   at NCS.SecureConnect.SIM.Client.Managers.SingPassManager.PerformSpInitiatedLogout(String targetUrl)
   at ASP._Page_Views_Home_logout_cshtml.Execute() in d:\Working\EWEMS2\Phase 2\Source Codes and DB\SPF.OWAES\SPF.OWAES\Views\Home\logout.cshtml:line 8
   at System.Web.WebPages.WebPageBase.ExecutePageHierarchy()
   at System.Web.Mvc.WebViewPage.ExecutePageHierarchy()
   at System.Web.WebPages.StartPage.RunPage()
   at System.Web.WebPages.StartPage.ExecutePageHierarchy()
   at System.Web.WebPages.WebPageBase.ExecutePageHierarchy(WebPageContext pageContext, TextWriter writer, WebPageRenderingBase startPage)
   at System.Web.Mvc.RazorView.RenderView(ViewContext viewContext, TextWriter writer, Object instance)
   at System.Web.Mvc.BuildManagerCompiledView.Render(ViewContext viewContext, TextWriter writer)
   at System.Web.Mvc.ViewResultBase.ExecuteResult(ControllerContext context)
   at System.Web.Mvc.ControllerActionInvoker.InvokeActionResult(ControllerContext controllerContext, ActionResult actionResult)
   at System.Web.Mvc.ControllerActionInvoker.InvokeActionResultFilterRecursive(IList`1 filters, Int32 filterIndex, ResultExecutingContext preContext, ControllerContext controllerContext, ActionResult actionResult)
   at System.Web.Mvc.ControllerActionInvoker.InvokeActionResultFilterRecursive(IList`1 filters, Int32 filterIndex, ResultExecutingContext preContext, ControllerContext controllerContext, ActionResult actionResult)
   at System.Web.Mvc.ControllerActionInvoker.InvokeActionResultWithFilters(ControllerContext controllerContext, IList`1 filters, ActionResult actionResult)
   at System.Web.Mvc.Async.AsyncControllerActionInvoker.<>c__DisplayClass21.<>c__DisplayClass2b.<BeginInvokeAction>b__1c()
   at System.Web.Mvc.Async.AsyncControllerActionInvoker.<>c__DisplayClass21.<BeginInvokeAction>b__1e(IAsyncResult asyncResult)
   at System.Web.Mvc.Async.AsyncResultWrapper.WrappedAsyncResult`1.CallEndDelegate(IAsyncResult asyncResult)
   at System.Web.Mvc.Async.AsyncResultWrapper.WrappedAsyncResultBase`1.End()
   at System.Web.Mvc.Async.AsyncResultWrapper.End[TResult](IAsyncResult asyncResult, Object tag)
   at System.Web.Mvc.Async.AsyncControllerActionInvoker.EndInvokeAction(IAsyncResult asyncResult)
   at System.Web.Mvc.Controller.<BeginExecuteCore>b__1d(IAsyncResult asyncResult, ExecuteCoreState innerState)
   at System.Web.Mvc.Async.AsyncResultWrapper.WrappedAsyncVoid`1.CallEndDelegate(IAsyncResult asyncResult)
   at System.Web.Mvc.Async.AsyncResultWrapper.WrappedAsyncResultBase`1.End()
   at System.Web.Mvc.Async.AsyncResultWrapper.End[TResult](IAsyncResult asyncResult, Object tag)
   at System.Web.Mvc.Async.AsyncResultWrapper.End(IAsyncResult asyncResult, Object tag)
   at System.Web.Mvc.Controller.EndExecuteCore(IAsyncResult asyncResult)
   at System.Web.Mvc.Controller.<BeginExecute>b__15(IAsyncResult asyncResult, Controller controller)
   at System.Web.Mvc.Async.AsyncResultWrapper.WrappedAsyncVoid`1.CallEndDelegate(IAsyncResult asyncResult)
   at System.Web.Mvc.Async.AsyncResultWrapper.WrappedAsyncResultBase`1.End()
   at System.Web.Mvc.Async.AsyncResultWrapper.End[TResult](IAsyncResult asyncResult, Object tag)
   at System.Web.Mvc.Async.AsyncResultWrapper.End(IAsyncResult asyncResult, Object tag)
   at System.Web.Mvc.Controller.EndExecute(IAsyncResult asyncResult)
   at System.Web.Mvc.Controller.System.Web.Mvc.Async.IAsyncController.EndExecute(IAsyncResult asyncResult)
   at System.Web.Mvc.MvcHandler.<BeginProcessRequest>b__5(IAsyncResult asyncResult, ProcessRequestState innerState)
   at System.Web.Mvc.Async.AsyncResultWrapper.WrappedAsyncVoid`1.CallEndDelegate(IAsyncResult asyncResult)
   at System.Web.Mvc.Async.AsyncResultWrapper.WrappedAsyncResultBase`1.End()
   at System.Web.Mvc.Async.AsyncResultWrapper.End[TResult](IAsyncResult asyncResult, Object tag)
   at System.Web.Mvc.Async.AsyncResultWrapper.End(IAsyncResult asyncResult, Object tag)
   at System.Web.Mvc.MvcHandler.EndProcessRequest(IAsyncResult asyncResult)
   at System.Web.Mvc.MvcHandler.System.Web.IHttpAsyncHandler.EndProcessRequest(IAsyncResult result)
   at System.Web.HttpApplication.CallHandlerExecutionStep.System.Web.HttpApplication.IExecutionStep.Execute()
   at System.Web.HttpApplication.ExecuteStep(IExecutionStep step, Boolean& completedSynchronously)
2015-12-10 15:15:37,070 ERROR (WarrantController:Index():26:8) - Error Controller: Error has occurred. 
	Artifact is missing. Cannot resolve the artifact.
NCS.SecureConnect.SIM.Client.Exceptions.ClientException: Artifact is missing. Cannot resolve the artifact.
   at NCS.SecureConnect.SIM.Client.HttpHandlers.SingPassAssertionConsumerService.ProcessRequest(HttpContext context)
   at System.Web.HttpApplication.CallHandlerExecutionStep.System.Web.HttpApplication.IExecutionStep.Execute()
   at System.Web.HttpApplication.ExecuteStep(IExecutionStep step, Boolean& completedSynchronously)
2015-12-10 15:16:58,077 ERROR (WarrantController:Index():26:16) - Error Controller: Error has occurred. 
	Retrieving Logout Request is unsuccessful.
NCS.SecureConnect.SIM.Client.Exceptions.ClientException: Retrieving Logout Request is unsuccessful.
   at NCS.SecureConnect.SIM.Client.Managers.SingPassManager.PerformSpInitiatedLogout(String targetUrl)
   at ASP._Page_Views_Home_logout_cshtml.Execute() in d:\Working\EWEMS2\Phase 2\Source Codes and DB\SPF.OWAES\SPF.OWAES\Views\Home\logout.cshtml:line 8
   at System.Web.WebPages.WebPageBase.ExecutePageHierarchy()
   at System.Web.Mvc.WebViewPage.ExecutePageHierarchy()
   at System.Web.WebPages.StartPage.RunPage()
   at System.Web.WebPages.StartPage.ExecutePageHierarchy()
   at System.Web.WebPages.WebPageBase.ExecutePageHierarchy(WebPageContext pageContext, TextWriter writer, WebPageRenderingBase startPage)
   at System.Web.Mvc.RazorView.RenderView(ViewContext viewContext, TextWriter writer, Object instance)
   at System.Web.Mvc.BuildManagerCompiledView.Render(ViewContext viewContext, TextWriter writer)
   at System.Web.Mvc.ViewResultBase.ExecuteResult(ControllerContext context)
   at System.Web.Mvc.ControllerActionInvoker.InvokeActionResult(ControllerContext controllerContext, ActionResult actionResult)
   at System.Web.Mvc.ControllerActionInvoker.InvokeActionResultFilterRecursive(IList`1 filters, Int32 filterIndex, ResultExecutingContext preContext, ControllerContext controllerContext, ActionResult actionResult)
   at System.Web.Mvc.ControllerActionInvoker.InvokeActionResultFilterRecursive(IList`1 filters, Int32 filterIndex, ResultExecutingContext preContext, ControllerContext controllerContext, ActionResult actionResult)
   at System.Web.Mvc.ControllerActionInvoker.InvokeActionResultWithFilters(ControllerContext controllerContext, IList`1 filters, ActionResult actionResult)
   at System.Web.Mvc.Async.AsyncControllerActionInvoker.<>c__DisplayClass21.<>c__DisplayClass2b.<BeginInvokeAction>b__1c()
   at System.Web.Mvc.Async.AsyncControllerActionInvoker.<>c__DisplayClass21.<BeginInvokeAction>b__1e(IAsyncResult asyncResult)
   at System.Web.Mvc.Async.AsyncResultWrapper.WrappedAsyncResult`1.CallEndDelegate(IAsyncResult asyncResult)
   at System.Web.Mvc.Async.AsyncResultWrapper.WrappedAsyncResultBase`1.End()
   at System.Web.Mvc.Async.AsyncResultWrapper.End[TResult](IAsyncResult asyncResult, Object tag)
   at System.Web.Mvc.Async.AsyncControllerActionInvoker.EndInvokeAction(IAsyncResult asyncResult)
   at System.Web.Mvc.Controller.<BeginExecuteCore>b__1d(IAsyncResult asyncResult, ExecuteCoreState innerState)
   at System.Web.Mvc.Async.AsyncResultWrapper.WrappedAsyncVoid`1.CallEndDelegate(IAsyncResult asyncResult)
   at System.Web.Mvc.Async.AsyncResultWrapper.WrappedAsyncResultBase`1.End()
   at System.Web.Mvc.Async.AsyncResultWrapper.End[TResult](IAsyncResult asyncResult, Object tag)
   at System.Web.Mvc.Async.AsyncResultWrapper.End(IAsyncResult asyncResult, Object tag)
   at System.Web.Mvc.Controller.EndExecuteCore(IAsyncResult asyncResult)
   at System.Web.Mvc.Controller.<BeginExecute>b__15(IAsyncResult asyncResult, Controller controller)
   at System.Web.Mvc.Async.AsyncResultWrapper.WrappedAsyncVoid`1.CallEndDelegate(IAsyncResult asyncResult)
   at System.Web.Mvc.Async.AsyncResultWrapper.WrappedAsyncResultBase`1.End()
   at System.Web.Mvc.Async.AsyncResultWrapper.End[TResult](IAsyncResult asyncResult, Object tag)
   at System.Web.Mvc.Async.AsyncResultWrapper.End(IAsyncResult asyncResult, Object tag)
   at System.Web.Mvc.Controller.EndExecute(IAsyncResult asyncResult)
   at System.Web.Mvc.Controller.System.Web.Mvc.Async.IAsyncController.EndExecute(IAsyncResult asyncResult)
   at System.Web.Mvc.MvcHandler.<BeginProcessRequest>b__5(IAsyncResult asyncResult, ProcessRequestState innerState)
   at System.Web.Mvc.Async.AsyncResultWrapper.WrappedAsyncVoid`1.CallEndDelegate(IAsyncResult asyncResult)
   at System.Web.Mvc.Async.AsyncResultWrapper.WrappedAsyncResultBase`1.End()
   at System.Web.Mvc.Async.AsyncResultWrapper.End[TResult](IAsyncResult asyncResult, Object tag)
   at System.Web.Mvc.Async.AsyncResultWrapper.End(IAsyncResult asyncResult, Object tag)
   at System.Web.Mvc.MvcHandler.EndProcessRequest(IAsyncResult asyncResult)
   at System.Web.Mvc.MvcHandler.System.Web.IHttpAsyncHandler.EndProcessRequest(IAsyncResult result)
   at System.Web.HttpApplication.CallHandlerExecutionStep.System.Web.HttpApplication.IExecutionStep.Execute()
   at System.Web.HttpApplication.ExecuteStep(IExecutionStep step, Boolean& completedSynchronously)
2015-12-14 15:35:34,843 ERROR (WarrantController:Index():26:13) - Error Controller: Error has occurred. 
	Retrieving Logout Request is unsuccessful.
NCS.SecureConnect.SIM.Client.Exceptions.ClientException: Retrieving Logout Request is unsuccessful.
   at NCS.SecureConnect.SIM.Client.Managers.SingPassManager.PerformSpInitiatedLogout(String targetUrl)
   at ASP._Page_Views_Home_logout_cshtml.Execute() in d:\Working\EWEMS2\Phase 2\Source Codes and DB\SPF.OWAES\SPF.OWAES\Views\Home\logout.cshtml:line 8
   at System.Web.WebPages.WebPageBase.ExecutePageHierarchy()
   at System.Web.Mvc.WebViewPage.ExecutePageHierarchy()
   at System.Web.WebPages.StartPage.RunPage()
   at System.Web.WebPages.StartPage.ExecutePageHierarchy()
   at System.Web.WebPages.WebPageBase.ExecutePageHierarchy(WebPageContext pageContext, TextWriter writer, WebPageRenderingBase startPage)
   at System.Web.Mvc.RazorView.RenderView(ViewContext viewContext, TextWriter writer, Object instance)
   at System.Web.Mvc.BuildManagerCompiledView.Render(ViewContext viewContext, TextWriter writer)
   at System.Web.Mvc.ViewResultBase.ExecuteResult(ControllerContext context)
   at System.Web.Mvc.ControllerActionInvoker.InvokeActionResult(ControllerContext controllerContext, ActionResult actionResult)
   at System.Web.Mvc.ControllerActionInvoker.InvokeActionResultFilterRecursive(IList`1 filters, Int32 filterIndex, ResultExecutingContext preContext, ControllerContext controllerContext, ActionResult actionResult)
   at System.Web.Mvc.ControllerActionInvoker.InvokeActionResultFilterRecursive(IList`1 filters, Int32 filterIndex, ResultExecutingContext preContext, ControllerContext controllerContext, ActionResult actionResult)
   at System.Web.Mvc.ControllerActionInvoker.InvokeActionResultWithFilters(ControllerContext controllerContext, IList`1 filters, ActionResult actionResult)
   at System.Web.Mvc.Async.AsyncControllerActionInvoker.<>c__DisplayClass21.<>c__DisplayClass2b.<BeginInvokeAction>b__1c()
   at System.Web.Mvc.Async.AsyncControllerActionInvoker.<>c__DisplayClass21.<BeginInvokeAction>b__1e(IAsyncResult asyncResult)
   at System.Web.Mvc.Async.AsyncResultWrapper.WrappedAsyncResult`1.CallEndDelegate(IAsyncResult asyncResult)
   at System.Web.Mvc.Async.AsyncResultWrapper.WrappedAsyncResultBase`1.End()
   at System.Web.Mvc.Async.AsyncResultWrapper.End[TResult](IAsyncResult asyncResult, Object tag)
   at System.Web.Mvc.Async.AsyncControllerActionInvoker.EndInvokeAction(IAsyncResult asyncResult)
   at System.Web.Mvc.Controller.<BeginExecuteCore>b__1d(IAsyncResult asyncResult, ExecuteCoreState innerState)
   at System.Web.Mvc.Async.AsyncResultWrapper.WrappedAsyncVoid`1.CallEndDelegate(IAsyncResult asyncResult)
   at System.Web.Mvc.Async.AsyncResultWrapper.WrappedAsyncResultBase`1.End()
   at System.Web.Mvc.Async.AsyncResultWrapper.End[TResult](IAsyncResult asyncResult, Object tag)
   at System.Web.Mvc.Async.AsyncResultWrapper.End(IAsyncResult asyncResult, Object tag)
   at System.Web.Mvc.Controller.EndExecuteCore(IAsyncResult asyncResult)
   at System.Web.Mvc.Controller.<BeginExecute>b__15(IAsyncResult asyncResult, Controller controller)
   at System.Web.Mvc.Async.AsyncResultWrapper.WrappedAsyncVoid`1.CallEndDelegate(IAsyncResult asyncResult)
   at System.Web.Mvc.Async.AsyncResultWrapper.WrappedAsyncResultBase`1.End()
   at System.Web.Mvc.Async.AsyncResultWrapper.End[TResult](IAsyncResult asyncResult, Object tag)
   at System.Web.Mvc.Async.AsyncResultWrapper.End(IAsyncResult asyncResult, Object tag)
   at System.Web.Mvc.Controller.EndExecute(IAsyncResult asyncResult)
   at System.Web.Mvc.Controller.System.Web.Mvc.Async.IAsyncController.EndExecute(IAsyncResult asyncResult)
   at System.Web.Mvc.MvcHandler.<BeginProcessRequest>b__5(IAsyncResult asyncResult, ProcessRequestState innerState)
   at System.Web.Mvc.Async.AsyncResultWrapper.WrappedAsyncVoid`1.CallEndDelegate(IAsyncResult asyncResult)
   at System.Web.Mvc.Async.AsyncResultWrapper.WrappedAsyncResultBase`1.End()
   at System.Web.Mvc.Async.AsyncResultWrapper.End[TResult](IAsyncResult asyncResult, Object tag)
   at System.Web.Mvc.Async.AsyncResultWrapper.End(IAsyncResult asyncResult, Object tag)
   at System.Web.Mvc.MvcHandler.EndProcessRequest(IAsyncResult asyncResult)
   at System.Web.Mvc.MvcHandler.System.Web.IHttpAsyncHandler.EndProcessRequest(IAsyncResult result)
   at System.Web.HttpApplication.CallHandlerExecutionStep.System.Web.HttpApplication.IExecutionStep.Execute()
   at System.Web.HttpApplication.ExecuteStep(IExecutionStep step, Boolean& completedSynchronously)
2015-12-14 15:48:07,231 ERROR (WarrantController:Index():26:11) - Error Controller: Error has occurred. 
	Retrieving Logout Request is unsuccessful.
NCS.SecureConnect.SIM.Client.Exceptions.ClientException: Retrieving Logout Request is unsuccessful.
   at NCS.SecureConnect.SIM.Client.Managers.SingPassManager.PerformSpInitiatedLogout(String targetUrl)
   at ASP._Page_Views_Home_logout_cshtml.Execute() in d:\Working\EWEMS2\Phase 2\Source Codes and DB\SPF.OWAES\SPF.OWAES\Views\Home\logout.cshtml:line 8
   at System.Web.WebPages.WebPageBase.ExecutePageHierarchy()
   at System.Web.Mvc.WebViewPage.ExecutePageHierarchy()
   at System.Web.WebPages.StartPage.RunPage()
   at System.Web.WebPages.StartPage.ExecutePageHierarchy()
   at System.Web.WebPages.WebPageBase.ExecutePageHierarchy(WebPageContext pageContext, TextWriter writer, WebPageRenderingBase startPage)
   at System.Web.Mvc.RazorView.RenderView(ViewContext viewContext, TextWriter writer, Object instance)
   at System.Web.Mvc.BuildManagerCompiledView.Render(ViewContext viewContext, TextWriter writer)
   at System.Web.Mvc.ViewResultBase.ExecuteResult(ControllerContext context)
   at System.Web.Mvc.ControllerActionInvoker.InvokeActionResult(ControllerContext controllerContext, ActionResult actionResult)
   at System.Web.Mvc.ControllerActionInvoker.InvokeActionResultFilterRecursive(IList`1 filters, Int32 filterIndex, ResultExecutingContext preContext, ControllerContext controllerContext, ActionResult actionResult)
   at System.Web.Mvc.ControllerActionInvoker.InvokeActionResultFilterRecursive(IList`1 filters, Int32 filterIndex, ResultExecutingContext preContext, ControllerContext controllerContext, ActionResult actionResult)
   at System.Web.Mvc.ControllerActionInvoker.InvokeActionResultWithFilters(ControllerContext controllerContext, IList`1 filters, ActionResult actionResult)
   at System.Web.Mvc.Async.AsyncControllerActionInvoker.<>c__DisplayClass21.<>c__DisplayClass2b.<BeginInvokeAction>b__1c()
   at System.Web.Mvc.Async.AsyncControllerActionInvoker.<>c__DisplayClass21.<BeginInvokeAction>b__1e(IAsyncResult asyncResult)
   at System.Web.Mvc.Async.AsyncResultWrapper.WrappedAsyncResult`1.CallEndDelegate(IAsyncResult asyncResult)
   at System.Web.Mvc.Async.AsyncResultWrapper.WrappedAsyncResultBase`1.End()
   at System.Web.Mvc.Async.AsyncResultWrapper.End[TResult](IAsyncResult asyncResult, Object tag)
   at System.Web.Mvc.Async.AsyncControllerActionInvoker.EndInvokeAction(IAsyncResult asyncResult)
   at System.Web.Mvc.Controller.<BeginExecuteCore>b__1d(IAsyncResult asyncResult, ExecuteCoreState innerState)
   at System.Web.Mvc.Async.AsyncResultWrapper.WrappedAsyncVoid`1.CallEndDelegate(IAsyncResult asyncResult)
   at System.Web.Mvc.Async.AsyncResultWrapper.WrappedAsyncResultBase`1.End()
   at System.Web.Mvc.Async.AsyncResultWrapper.End[TResult](IAsyncResult asyncResult, Object tag)
   at System.Web.Mvc.Async.AsyncResultWrapper.End(IAsyncResult asyncResult, Object tag)
   at System.Web.Mvc.Controller.EndExecuteCore(IAsyncResult asyncResult)
   at System.Web.Mvc.Controller.<BeginExecute>b__15(IAsyncResult asyncResult, Controller controller)
   at System.Web.Mvc.Async.AsyncResultWrapper.WrappedAsyncVoid`1.CallEndDelegate(IAsyncResult asyncResult)
   at System.Web.Mvc.Async.AsyncResultWrapper.WrappedAsyncResultBase`1.End()
   at System.Web.Mvc.Async.AsyncResultWrapper.End[TResult](IAsyncResult asyncResult, Object tag)
   at System.Web.Mvc.Async.AsyncResultWrapper.End(IAsyncResult asyncResult, Object tag)
   at System.Web.Mvc.Controller.EndExecute(IAsyncResult asyncResult)
   at System.Web.Mvc.Controller.System.Web.Mvc.Async.IAsyncController.EndExecute(IAsyncResult asyncResult)
   at System.Web.Mvc.MvcHandler.<BeginProcessRequest>b__5(IAsyncResult asyncResult, ProcessRequestState innerState)
   at System.Web.Mvc.Async.AsyncResultWrapper.WrappedAsyncVoid`1.CallEndDelegate(IAsyncResult asyncResult)
   at System.Web.Mvc.Async.AsyncResultWrapper.WrappedAsyncResultBase`1.End()
   at System.Web.Mvc.Async.AsyncResultWrapper.End[TResult](IAsyncResult asyncResult, Object tag)
   at System.Web.Mvc.Async.AsyncResultWrapper.End(IAsyncResult asyncResult, Object tag)
   at System.Web.Mvc.MvcHandler.EndProcessRequest(IAsyncResult asyncResult)
   at System.Web.Mvc.MvcHandler.System.Web.IHttpAsyncHandler.EndProcessRequest(IAsyncResult result)
   at System.Web.HttpApplication.CallHandlerExecutionStep.System.Web.HttpApplication.IExecutionStep.Execute()
   at System.Web.HttpApplication.ExecuteStep(IExecutionStep step, Boolean& completedSynchronously)
2015-12-15 10:10:06,817 ERROR (WarrantController:Index():26:15) - Error Controller: Error has occurred. 
	Retrieving Logout Request is unsuccessful.
NCS.SecureConnect.SIM.Client.Exceptions.ClientException: Retrieving Logout Request is unsuccessful.
   at NCS.SecureConnect.SIM.Client.Managers.SingPassManager.PerformSpInitiatedLogout(String targetUrl)
   at ASP._Page_Views_Home_logout_cshtml.Execute() in d:\Working\EWEMS2\Phase 2\Source Codes and DB\SPF.OWAES\SPF.OWAES\Views\Home\logout.cshtml:line 8
   at System.Web.WebPages.WebPageBase.ExecutePageHierarchy()
   at System.Web.Mvc.WebViewPage.ExecutePageHierarchy()
   at System.Web.WebPages.StartPage.RunPage()
   at System.Web.WebPages.StartPage.ExecutePageHierarchy()
   at System.Web.WebPages.WebPageBase.ExecutePageHierarchy(WebPageContext pageContext, TextWriter writer, WebPageRenderingBase startPage)
   at System.Web.Mvc.RazorView.RenderView(ViewContext viewContext, TextWriter writer, Object instance)
   at System.Web.Mvc.BuildManagerCompiledView.Render(ViewContext viewContext, TextWriter writer)
   at System.Web.Mvc.ViewResultBase.ExecuteResult(ControllerContext context)
   at System.Web.Mvc.ControllerActionInvoker.InvokeActionResult(ControllerContext controllerContext, ActionResult actionResult)
   at System.Web.Mvc.ControllerActionInvoker.InvokeActionResultFilterRecursive(IList`1 filters, Int32 filterIndex, ResultExecutingContext preContext, ControllerContext controllerContext, ActionResult actionResult)
   at System.Web.Mvc.ControllerActionInvoker.InvokeActionResultFilterRecursive(IList`1 filters, Int32 filterIndex, ResultExecutingContext preContext, ControllerContext controllerContext, ActionResult actionResult)
   at System.Web.Mvc.ControllerActionInvoker.InvokeActionResultWithFilters(ControllerContext controllerContext, IList`1 filters, ActionResult actionResult)
   at System.Web.Mvc.Async.AsyncControllerActionInvoker.<>c__DisplayClass21.<>c__DisplayClass2b.<BeginInvokeAction>b__1c()
   at System.Web.Mvc.Async.AsyncControllerActionInvoker.<>c__DisplayClass21.<BeginInvokeAction>b__1e(IAsyncResult asyncResult)
   at System.Web.Mvc.Async.AsyncResultWrapper.WrappedAsyncResult`1.CallEndDelegate(IAsyncResult asyncResult)
   at System.Web.Mvc.Async.AsyncResultWrapper.WrappedAsyncResultBase`1.End()
   at System.Web.Mvc.Async.AsyncResultWrapper.End[TResult](IAsyncResult asyncResult, Object tag)
   at System.Web.Mvc.Async.AsyncControllerActionInvoker.EndInvokeAction(IAsyncResult asyncResult)
   at System.Web.Mvc.Controller.<BeginExecuteCore>b__1d(IAsyncResult asyncResult, ExecuteCoreState innerState)
   at System.Web.Mvc.Async.AsyncResultWrapper.WrappedAsyncVoid`1.CallEndDelegate(IAsyncResult asyncResult)
   at System.Web.Mvc.Async.AsyncResultWrapper.WrappedAsyncResultBase`1.End()
   at System.Web.Mvc.Async.AsyncResultWrapper.End[TResult](IAsyncResult asyncResult, Object tag)
   at System.Web.Mvc.Async.AsyncResultWrapper.End(IAsyncResult asyncResult, Object tag)
   at System.Web.Mvc.Controller.EndExecuteCore(IAsyncResult asyncResult)
   at System.Web.Mvc.Controller.<BeginExecute>b__15(IAsyncResult asyncResult, Controller controller)
   at System.Web.Mvc.Async.AsyncResultWrapper.WrappedAsyncVoid`1.CallEndDelegate(IAsyncResult asyncResult)
   at System.Web.Mvc.Async.AsyncResultWrapper.WrappedAsyncResultBase`1.End()
   at System.Web.Mvc.Async.AsyncResultWrapper.End[TResult](IAsyncResult asyncResult, Object tag)
   at System.Web.Mvc.Async.AsyncResultWrapper.End(IAsyncResult asyncResult, Object tag)
   at System.Web.Mvc.Controller.EndExecute(IAsyncResult asyncResult)
   at System.Web.Mvc.Controller.System.Web.Mvc.Async.IAsyncController.EndExecute(IAsyncResult asyncResult)
   at System.Web.Mvc.MvcHandler.<BeginProcessRequest>b__5(IAsyncResult asyncResult, ProcessRequestState innerState)
   at System.Web.Mvc.Async.AsyncResultWrapper.WrappedAsyncVoid`1.CallEndDelegate(IAsyncResult asyncResult)
   at System.Web.Mvc.Async.AsyncResultWrapper.WrappedAsyncResultBase`1.End()
   at System.Web.Mvc.Async.AsyncResultWrapper.End[TResult](IAsyncResult asyncResult, Object tag)
   at System.Web.Mvc.Async.AsyncResultWrapper.End(IAsyncResult asyncResult, Object tag)
   at System.Web.Mvc.MvcHandler.EndProcessRequest(IAsyncResult asyncResult)
   at System.Web.Mvc.MvcHandler.System.Web.IHttpAsyncHandler.EndProcessRequest(IAsyncResult result)
   at System.Web.HttpApplication.CallHandlerExecutionStep.System.Web.HttpApplication.IExecutionStep.Execute()
   at System.Web.HttpApplication.ExecuteStep(IExecutionStep step, Boolean& completedSynchronously)
2015-12-15 10:35:05,665 ERROR (WarrantController:Index():26:6) - Error Controller: Error has occurred. 
	Retrieving Logout Request is unsuccessful.
NCS.SecureConnect.SIM.Client.Exceptions.ClientException: Retrieving Logout Request is unsuccessful.
   at NCS.SecureConnect.SIM.Client.Managers.SingPassManager.PerformSpInitiatedLogout(String targetUrl)
   at ASP._Page_Views_Home_logout_cshtml.Execute() in d:\Working\EWEMS2\Phase 2\Source Codes and DB\SPF.OWAES\SPF.OWAES\Views\Home\logout.cshtml:line 9
   at System.Web.WebPages.WebPageBase.ExecutePageHierarchy()
   at System.Web.Mvc.WebViewPage.ExecutePageHierarchy()
   at System.Web.WebPages.StartPage.RunPage()
   at System.Web.WebPages.StartPage.ExecutePageHierarchy()
   at System.Web.WebPages.WebPageBase.ExecutePageHierarchy(WebPageContext pageContext, TextWriter writer, WebPageRenderingBase startPage)
   at System.Web.Mvc.RazorView.RenderView(ViewContext viewContext, TextWriter writer, Object instance)
   at System.Web.Mvc.BuildManagerCompiledView.Render(ViewContext viewContext, TextWriter writer)
   at System.Web.Mvc.ViewResultBase.ExecuteResult(ControllerContext context)
   at System.Web.Mvc.ControllerActionInvoker.InvokeActionResult(ControllerContext controllerContext, ActionResult actionResult)
   at System.Web.Mvc.ControllerActionInvoker.InvokeActionResultFilterRecursive(IList`1 filters, Int32 filterIndex, ResultExecutingContext preContext, ControllerContext controllerContext, ActionResult actionResult)
   at System.Web.Mvc.ControllerActionInvoker.InvokeActionResultFilterRecursive(IList`1 filters, Int32 filterIndex, ResultExecutingContext preContext, ControllerContext controllerContext, ActionResult actionResult)
   at System.Web.Mvc.ControllerActionInvoker.InvokeActionResultWithFilters(ControllerContext controllerContext, IList`1 filters, ActionResult actionResult)
   at System.Web.Mvc.Async.AsyncControllerActionInvoker.<>c__DisplayClass21.<>c__DisplayClass2b.<BeginInvokeAction>b__1c()
   at System.Web.Mvc.Async.AsyncControllerActionInvoker.<>c__DisplayClass21.<BeginInvokeAction>b__1e(IAsyncResult asyncResult)
   at System.Web.Mvc.Async.AsyncResultWrapper.WrappedAsyncResult`1.CallEndDelegate(IAsyncResult asyncResult)
   at System.Web.Mvc.Async.AsyncResultWrapper.WrappedAsyncResultBase`1.End()
   at System.Web.Mvc.Async.AsyncResultWrapper.End[TResult](IAsyncResult asyncResult, Object tag)
   at System.Web.Mvc.Async.AsyncControllerActionInvoker.EndInvokeAction(IAsyncResult asyncResult)
   at System.Web.Mvc.Controller.<BeginExecuteCore>b__1d(IAsyncResult asyncResult, ExecuteCoreState innerState)
   at System.Web.Mvc.Async.AsyncResultWrapper.WrappedAsyncVoid`1.CallEndDelegate(IAsyncResult asyncResult)
   at System.Web.Mvc.Async.AsyncResultWrapper.WrappedAsyncResultBase`1.End()
   at System.Web.Mvc.Async.AsyncResultWrapper.End[TResult](IAsyncResult asyncResult, Object tag)
   at System.Web.Mvc.Async.AsyncResultWrapper.End(IAsyncResult asyncResult, Object tag)
   at System.Web.Mvc.Controller.EndExecuteCore(IAsyncResult asyncResult)
   at System.Web.Mvc.Controller.<BeginExecute>b__15(IAsyncResult asyncResult, Controller controller)
   at System.Web.Mvc.Async.AsyncResultWrapper.WrappedAsyncVoid`1.CallEndDelegate(IAsyncResult asyncResult)
   at System.Web.Mvc.Async.AsyncResultWrapper.WrappedAsyncResultBase`1.End()
   at System.Web.Mvc.Async.AsyncResultWrapper.End[TResult](IAsyncResult asyncResult, Object tag)
   at System.Web.Mvc.Async.AsyncResultWrapper.End(IAsyncResult asyncResult, Object tag)
   at System.Web.Mvc.Controller.EndExecute(IAsyncResult asyncResult)
   at System.Web.Mvc.Controller.System.Web.Mvc.Async.IAsyncController.EndExecute(IAsyncResult asyncResult)
   at System.Web.Mvc.MvcHandler.<BeginProcessRequest>b__5(IAsyncResult asyncResult, ProcessRequestState innerState)
   at System.Web.Mvc.Async.AsyncResultWrapper.WrappedAsyncVoid`1.CallEndDelegate(IAsyncResult asyncResult)
   at System.Web.Mvc.Async.AsyncResultWrapper.WrappedAsyncResultBase`1.End()
   at System.Web.Mvc.Async.AsyncResultWrapper.End[TResult](IAsyncResult asyncResult, Object tag)
   at System.Web.Mvc.Async.AsyncResultWrapper.End(IAsyncResult asyncResult, Object tag)
   at System.Web.Mvc.MvcHandler.EndProcessRequest(IAsyncResult asyncResult)
   at System.Web.Mvc.MvcHandler.System.Web.IHttpAsyncHandler.EndProcessRequest(IAsyncResult result)
   at System.Web.HttpApplication.CallHandlerExecutionStep.System.Web.HttpApplication.IExecutionStep.Execute()
   at System.Web.HttpApplication.ExecuteStep(IExecutionStep step, Boolean& completedSynchronously)
2015-12-15 10:35:56,221 ERROR (WarrantController:Index():26:6) - Error Controller: Error has occurred. 
	Retrieving Logout Request is unsuccessful.
NCS.SecureConnect.SIM.Client.Exceptions.ClientException: Retrieving Logout Request is unsuccessful.
   at NCS.SecureConnect.SIM.Client.Managers.SingPassManager.PerformSpInitiatedLogout(String targetUrl)
   at ASP._Page_Views_home_logout_cshtml.Execute() in d:\Working\EWEMS2\Phase 2\Source Codes and DB\SPF.OWAES\SPF.OWAES\Views\Home\logout.cshtml:line 9
   at System.Web.WebPages.WebPageBase.ExecutePageHierarchy()
   at System.Web.Mvc.WebViewPage.ExecutePageHierarchy()
   at System.Web.WebPages.StartPage.RunPage()
   at System.Web.WebPages.StartPage.ExecutePageHierarchy()
   at System.Web.WebPages.WebPageBase.ExecutePageHierarchy(WebPageContext pageContext, TextWriter writer, WebPageRenderingBase startPage)
   at System.Web.Mvc.RazorView.RenderView(ViewContext viewContext, TextWriter writer, Object instance)
   at System.Web.Mvc.BuildManagerCompiledView.Render(ViewContext viewContext, TextWriter writer)
   at System.Web.Mvc.ViewResultBase.ExecuteResult(ControllerContext context)
   at System.Web.Mvc.ControllerActionInvoker.InvokeActionResult(ControllerContext controllerContext, ActionResult actionResult)
   at System.Web.Mvc.ControllerActionInvoker.InvokeActionResultFilterRecursive(IList`1 filters, Int32 filterIndex, ResultExecutingContext preContext, ControllerContext controllerContext, ActionResult actionResult)
   at System.Web.Mvc.ControllerActionInvoker.InvokeActionResultFilterRecursive(IList`1 filters, Int32 filterIndex, ResultExecutingContext preContext, ControllerContext controllerContext, ActionResult actionResult)
   at System.Web.Mvc.ControllerActionInvoker.InvokeActionResultWithFilters(ControllerContext controllerContext, IList`1 filters, ActionResult actionResult)
   at System.Web.Mvc.Async.AsyncControllerActionInvoker.<>c__DisplayClass21.<>c__DisplayClass2b.<BeginInvokeAction>b__1c()
   at System.Web.Mvc.Async.AsyncControllerActionInvoker.<>c__DisplayClass21.<BeginInvokeAction>b__1e(IAsyncResult asyncResult)
   at System.Web.Mvc.Async.AsyncResultWrapper.WrappedAsyncResult`1.CallEndDelegate(IAsyncResult asyncResult)
   at System.Web.Mvc.Async.AsyncResultWrapper.WrappedAsyncResultBase`1.End()
   at System.Web.Mvc.Async.AsyncResultWrapper.End[TResult](IAsyncResult asyncResult, Object tag)
   at System.Web.Mvc.Async.AsyncControllerActionInvoker.EndInvokeAction(IAsyncResult asyncResult)
   at System.Web.Mvc.Controller.<BeginExecuteCore>b__1d(IAsyncResult asyncResult, ExecuteCoreState innerState)
   at System.Web.Mvc.Async.AsyncResultWrapper.WrappedAsyncVoid`1.CallEndDelegate(IAsyncResult asyncResult)
   at System.Web.Mvc.Async.AsyncResultWrapper.WrappedAsyncResultBase`1.End()
   at System.Web.Mvc.Async.AsyncResultWrapper.End[TResult](IAsyncResult asyncResult, Object tag)
   at System.Web.Mvc.Async.AsyncResultWrapper.End(IAsyncResult asyncResult, Object tag)
   at System.Web.Mvc.Controller.EndExecuteCore(IAsyncResult asyncResult)
   at System.Web.Mvc.Controller.<BeginExecute>b__15(IAsyncResult asyncResult, Controller controller)
   at System.Web.Mvc.Async.AsyncResultWrapper.WrappedAsyncVoid`1.CallEndDelegate(IAsyncResult asyncResult)
   at System.Web.Mvc.Async.AsyncResultWrapper.WrappedAsyncResultBase`1.End()
   at System.Web.Mvc.Async.AsyncResultWrapper.End[TResult](IAsyncResult asyncResult, Object tag)
   at System.Web.Mvc.Async.AsyncResultWrapper.End(IAsyncResult asyncResult, Object tag)
   at System.Web.Mvc.Controller.EndExecute(IAsyncResult asyncResult)
   at System.Web.Mvc.Controller.System.Web.Mvc.Async.IAsyncController.EndExecute(IAsyncResult asyncResult)
   at System.Web.Mvc.MvcHandler.<BeginProcessRequest>b__5(IAsyncResult asyncResult, ProcessRequestState innerState)
   at System.Web.Mvc.Async.AsyncResultWrapper.WrappedAsyncVoid`1.CallEndDelegate(IAsyncResult asyncResult)
   at System.Web.Mvc.Async.AsyncResultWrapper.WrappedAsyncResultBase`1.End()
   at System.Web.Mvc.Async.AsyncResultWrapper.End[TResult](IAsyncResult asyncResult, Object tag)
   at System.Web.Mvc.Async.AsyncResultWrapper.End(IAsyncResult asyncResult, Object tag)
   at System.Web.Mvc.MvcHandler.EndProcessRequest(IAsyncResult asyncResult)
   at System.Web.Mvc.MvcHandler.System.Web.IHttpAsyncHandler.EndProcessRequest(IAsyncResult result)
   at System.Web.HttpApplication.CallHandlerExecutionStep.System.Web.HttpApplication.IExecutionStep.Execute()
   at System.Web.HttpApplication.ExecuteStep(IExecutionStep step, Boolean& completedSynchronously)
2015-12-17 12:35:54,518 ERROR (WarrantController:Index():26:9) - Error Controller: Error has occurred. 
	The required anti-forgery cookie "__RequestVerificationToken" is not present.
System.Web.Mvc.HttpAntiForgeryException (0x80004005): The required anti-forgery cookie "__RequestVerificationToken" is not present.
   at System.Web.Helpers.AntiXsrf.TokenValidator.ValidateTokens(HttpContextBase httpContext, IIdentity identity, AntiForgeryToken sessionToken, AntiForgeryToken fieldToken)
   at System.Web.Helpers.AntiXsrf.AntiForgeryWorker.Validate(HttpContextBase httpContext)
   at System.Web.Helpers.AntiForgery.Validate()
   at System.Web.Mvc.ValidateAntiForgeryTokenAttribute.OnAuthorization(AuthorizationContext filterContext)
   at System.Web.Mvc.ControllerActionInvoker.InvokeAuthorizationFilters(ControllerContext controllerContext, IList`1 filters, ActionDescriptor actionDescriptor)
   at System.Web.Mvc.Async.AsyncControllerActionInvoker.<>c__DisplayClass21.<BeginInvokeAction>b__19(AsyncCallback asyncCallback, Object asyncState)
   at System.Web.Mvc.Async.AsyncResultWrapper.WrappedAsyncResult`1.CallBeginDelegate(AsyncCallback callback, Object callbackState)
   at System.Web.Mvc.Async.AsyncResultWrapper.WrappedAsyncResultBase`1.Begin(AsyncCallback callback, Object state, Int32 timeout)
   at System.Web.Mvc.Async.AsyncResultWrapper.Begin[TResult](AsyncCallback callback, Object state, BeginInvokeDelegate beginDelegate, EndInvokeDelegate`1 endDelegate, Object tag, Int32 timeout)
   at System.Web.Mvc.Async.AsyncControllerActionInvoker.BeginInvokeAction(ControllerContext controllerContext, String actionName, AsyncCallback callback, Object state)
   at System.Web.Mvc.Controller.<BeginExecuteCore>b__1c(AsyncCallback asyncCallback, Object asyncState, ExecuteCoreState innerState)
   at System.Web.Mvc.Async.AsyncResultWrapper.WrappedAsyncVoid`1.CallBeginDelegate(AsyncCallback callback, Object callbackState)
   at System.Web.Mvc.Async.AsyncResultWrapper.WrappedAsyncResultBase`1.Begin(AsyncCallback callback, Object state, Int32 timeout)
   at System.Web.Mvc.Async.AsyncResultWrapper.Begin[TState](AsyncCallback callback, Object callbackState, BeginInvokeDelegate`1 beginDelegate, EndInvokeVoidDelegate`1 endDelegate, TState invokeState, Object tag, Int32 timeout, SynchronizationContext callbackSyncContext)
   at System.Web.Mvc.Controller.BeginExecuteCore(AsyncCallback callback, Object state)
   at System.Web.Mvc.Controller.<BeginExecute>b__14(AsyncCallback asyncCallback, Object callbackState, Controller controller)
   at System.Web.Mvc.Async.AsyncResultWrapper.WrappedAsyncVoid`1.CallBeginDelegate(AsyncCallback callback, Object callbackState)
   at System.Web.Mvc.Async.AsyncResultWrapper.WrappedAsyncResultBase`1.Begin(AsyncCallback callback, Object state, Int32 timeout)
   at System.Web.Mvc.Async.AsyncResultWrapper.Begin[TState](AsyncCallback callback, Object callbackState, BeginInvokeDelegate`1 beginDelegate, EndInvokeVoidDelegate`1 endDelegate, TState invokeState, Object tag, Int32 timeout, SynchronizationContext callbackSyncContext)
   at System.Web.Mvc.Controller.BeginExecute(RequestContext requestContext, AsyncCallback callback, Object state)
   at System.Web.Mvc.Controller.System.Web.Mvc.Async.IAsyncController.BeginExecute(RequestContext requestContext, AsyncCallback callback, Object state)
   at System.Web.Mvc.MvcHandler.<BeginProcessRequest>b__4(AsyncCallback asyncCallback, Object asyncState, ProcessRequestState innerState)
   at System.Web.Mvc.Async.AsyncResultWrapper.WrappedAsyncVoid`1.CallBeginDelegate(AsyncCallback callback, Object callbackState)
   at System.Web.Mvc.Async.AsyncResultWrapper.WrappedAsyncResultBase`1.Begin(AsyncCallback callback, Object state, Int32 timeout)
   at System.Web.Mvc.Async.AsyncResultWrapper.Begin[TState](AsyncCallback callback, Object callbackState, BeginInvokeDelegate`1 beginDelegate, EndInvokeVoidDelegate`1 endDelegate, TState invokeState, Object tag, Int32 timeout, SynchronizationContext callbackSyncContext)
   at System.Web.Mvc.MvcHandler.BeginProcessRequest(HttpContextBase httpContext, AsyncCallback callback, Object state)
   at System.Web.Mvc.MvcHandler.BeginProcessRequest(HttpContext httpContext, AsyncCallback callback, Object state)
   at System.Web.Mvc.MvcHandler.System.Web.IHttpAsyncHandler.BeginProcessRequest(HttpContext context, AsyncCallback cb, Object extraData)
   at System.Web.HttpApplication.CallHandlerExecutionStep.System.Web.HttpApplication.IExecutionStep.Execute()
   at System.Web.HttpApplication.ExecuteStep(IExecutionStep step, Boolean& completedSynchronously)
2015-12-17 12:35:54,822 ERROR (WarrantController:Index():54:9) - Error Controller: Error has occurred. 
	Object reference not set to an instance of an object.
System.NullReferenceException: Object reference not set to an instance of an object.
   at SPF.OWAES.Controllers.ErrorController.Index() in d:\Working\EWEMS2\Phase 2\Source Codes and DB\SPF.OWAES\SPF.OWAES\Controllers\ErrorController.cs:line 31
2015-12-17 12:41:09,418 ERROR (WarrantController:Index():26:13) - Error Controller: Error has occurred. 
	The required anti-forgery cookie "__RequestVerificationToken" is not present.
System.Web.Mvc.HttpAntiForgeryException (0x80004005): The required anti-forgery cookie "__RequestVerificationToken" is not present.
   at System.Web.Helpers.AntiXsrf.TokenValidator.ValidateTokens(HttpContextBase httpContext, IIdentity identity, AntiForgeryToken sessionToken, AntiForgeryToken fieldToken)
   at System.Web.Helpers.AntiXsrf.AntiForgeryWorker.Validate(HttpContextBase httpContext)
   at System.Web.Helpers.AntiForgery.Validate()
   at System.Web.Mvc.ValidateAntiForgeryTokenAttribute.OnAuthorization(AuthorizationContext filterContext)
   at System.Web.Mvc.ControllerActionInvoker.InvokeAuthorizationFilters(ControllerContext controllerContext, IList`1 filters, ActionDescriptor actionDescriptor)
   at System.Web.Mvc.Async.AsyncControllerActionInvoker.<>c__DisplayClass21.<BeginInvokeAction>b__19(AsyncCallback asyncCallback, Object asyncState)
   at System.Web.Mvc.Async.AsyncResultWrapper.WrappedAsyncResult`1.CallBeginDelegate(AsyncCallback callback, Object callbackState)
   at System.Web.Mvc.Async.AsyncResultWrapper.WrappedAsyncResultBase`1.Begin(AsyncCallback callback, Object state, Int32 timeout)
   at System.Web.Mvc.Async.AsyncResultWrapper.Begin[TResult](AsyncCallback callback, Object state, BeginInvokeDelegate beginDelegate, EndInvokeDelegate`1 endDelegate, Object tag, Int32 timeout)
   at System.Web.Mvc.Async.AsyncControllerActionInvoker.BeginInvokeAction(ControllerContext controllerContext, String actionName, AsyncCallback callback, Object state)
   at System.Web.Mvc.Controller.<BeginExecuteCore>b__1c(AsyncCallback asyncCallback, Object asyncState, ExecuteCoreState innerState)
   at System.Web.Mvc.Async.AsyncResultWrapper.WrappedAsyncVoid`1.CallBeginDelegate(AsyncCallback callback, Object callbackState)
   at System.Web.Mvc.Async.AsyncResultWrapper.WrappedAsyncResultBase`1.Begin(AsyncCallback callback, Object state, Int32 timeout)
   at System.Web.Mvc.Async.AsyncResultWrapper.Begin[TState](AsyncCallback callback, Object callbackState, BeginInvokeDelegate`1 beginDelegate, EndInvokeVoidDelegate`1 endDelegate, TState invokeState, Object tag, Int32 timeout, SynchronizationContext callbackSyncContext)
   at System.Web.Mvc.Controller.BeginExecuteCore(AsyncCallback callback, Object state)
   at System.Web.Mvc.Controller.<BeginExecute>b__14(AsyncCallback asyncCallback, Object callbackState, Controller controller)
   at System.Web.Mvc.Async.AsyncResultWrapper.WrappedAsyncVoid`1.CallBeginDelegate(AsyncCallback callback, Object callbackState)
   at System.Web.Mvc.Async.AsyncResultWrapper.WrappedAsyncResultBase`1.Begin(AsyncCallback callback, Object state, Int32 timeout)
   at System.Web.Mvc.Async.AsyncResultWrapper.Begin[TState](AsyncCallback callback, Object callbackState, BeginInvokeDelegate`1 beginDelegate, EndInvokeVoidDelegate`1 endDelegate, TState invokeState, Object tag, Int32 timeout, SynchronizationContext callbackSyncContext)
   at System.Web.Mvc.Controller.BeginExecute(RequestContext requestContext, AsyncCallback callback, Object state)
   at System.Web.Mvc.Controller.System.Web.Mvc.Async.IAsyncController.BeginExecute(RequestContext requestContext, AsyncCallback callback, Object state)
   at System.Web.Mvc.MvcHandler.<BeginProcessRequest>b__4(AsyncCallback asyncCallback, Object asyncState, ProcessRequestState innerState)
   at System.Web.Mvc.Async.AsyncResultWrapper.WrappedAsyncVoid`1.CallBeginDelegate(AsyncCallback callback, Object callbackState)
   at System.Web.Mvc.Async.AsyncResultWrapper.WrappedAsyncResultBase`1.Begin(AsyncCallback callback, Object state, Int32 timeout)
   at System.Web.Mvc.Async.AsyncResultWrapper.Begin[TState](AsyncCallback callback, Object callbackState, BeginInvokeDelegate`1 beginDelegate, EndInvokeVoidDelegate`1 endDelegate, TState invokeState, Object tag, Int32 timeout, SynchronizationContext callbackSyncContext)
   at System.Web.Mvc.MvcHandler.BeginProcessRequest(HttpContextBase httpContext, AsyncCallback callback, Object state)
   at System.Web.Mvc.MvcHandler.BeginProcessRequest(HttpContext httpContext, AsyncCallback callback, Object state)
   at System.Web.Mvc.MvcHandler.System.Web.IHttpAsyncHandler.BeginProcessRequest(HttpContext context, AsyncCallback cb, Object extraData)
   at System.Web.HttpApplication.CallHandlerExecutionStep.System.Web.HttpApplication.IExecutionStep.Execute()
   at System.Web.HttpApplication.ExecuteStep(IExecutionStep step, Boolean& completedSynchronously)
2015-12-17 12:41:09,688 ERROR (WarrantController:Index():54:13) - Error Controller: Error has occurred. 
	Object reference not set to an instance of an object.
System.NullReferenceException: Object reference not set to an instance of an object.
   at SPF.OWAES.Controllers.ErrorController.Index() in d:\Working\EWEMS2\Phase 2\Source Codes and DB\SPF.OWAES\SPF.OWAES\Controllers\ErrorController.cs:line 31
2016-07-04 10:55:53,992 ERROR (WarrantController:Enquiry():42:6) - Enquiry Page Load - Authentication context not found in session 
2016-07-04 10:58:01,616 ERROR (WarrantController:Enquiry():42:6) - Enquiry Page Load - Authentication context not found in session 
